1
0.00775062
0.00763103
0.00785945
0.0070601
0.00724522
0.00820043
0.00737703
0.00308664
0.00293243
0.00721344
0.00790864
0.00785889
0.00757045
0.00765043
0.00750369
0.00757044
0.00756586
0.0075393
0.00741326
0.00758701
0.00707979
0.00251627
0.00293395
0.00740676
0.00771018
0.0073736
0.00272312
0.00742065
0.00180586
0.00228631
0.00773773
0.00198661
0.00225266
0.00233797
0.00248196
0.00733565
0.00785458
0.007345
0.00703259
0.00700695
0.00757772
0.00208585
0.00798346
0.00766612
0.00180717
0.00704035
0.00731172
0.00772537
0.00717379
0.00705436
0.00702193
0.00723598
0.00712929
0.00750929
0.00709146
0.00160129
0.00740401
0.00727638
0.00716042
0.00671765
0.00735285
0.00136173
0.00740749
0.00716052
0.00729283
0.00731941
0.00701779
0.000988533
0.000640334
0.00700432
0.00682664
0.000865298
0.00762116
0.000653668
0.00729954
0.000753071
0.000743152
0.000759602
0.000655197
0.00736507
0.000542354
0.00674824
0.00716929
0.00719531
0.000233282
0.000470077
0.000346731
0.00723851
0.000336475
0.00781208
0.0069659
0.00738862
0.00718185
0.000111768
0.00727371
0.471171
6.88074e-19
7.96649e-19
7.76864e-19
7.77215e-19
-1.22482e-66
4.24138e-17
-1.90616e-65
-4.54617e-33
-5.12196e-49
-2.00247e-65
-6.6349e-67
-1.97338e-65
-1.94647e-65
-1.91935e-65
-2.44784e-81
-1.18576e-63
2.5125e-97
-1.31313e-79
6.95863e-96
7.54144e-96
3.90287e-94
-9.98105e-112
-1.36951e-113
-8.26479e-112
-4.48924e-110
7.06147e-127
8.28411e-127
4.79028e-128
8.22164e-127
5.58583e-128
7.69327e-127
7.43628e-127
8.20454e-127
7.57637e-127
7.91756e-127
3.88177e-125
9.72013e-143
-1.06629e-158
3.13789e-144
2.26574e-176
9.23495e-143
8.2893e-143
4.17885e-141
-1.02514e-158
1.43751e-174
2.6321e-176
1.23112e-174
-4.91051e-157
5.80345e-173
1.49444e-190
1.50473e-190
1.51258e-190
1.41626e-190
1.75654e-206
1.38967e-190
1.43763e-190
1.34686e-190
1.44053e-190
5.75367e-189
1.58555e-206
4.15197e-208
1.62274e-206
6.48783e-205
-2.81656e-222
